<?xml version="1.0" encoding="UTF-8"?>
<!-- Generated by org.testng.reporters.JUnitXMLReporter -->
<testsuite ignored="0" hostname="DESKTOP-FRK1CIR" failures="0" tests="3" name="Test" time="13.639" errors="0" timestamp="2026-01-06T19:41:30 IST">
  <testcase classname="testCases.TC001_AccountRegestrationTest" name="verifyAccountRegestration" time="1.768"/>
  <testcase classname="testCases.TC002_LoginTest" name="Verify_Login" time="1.375"/>
  <testcase classname="testCases.TC004_SearchProduct" name="VerifySearchedProduct" time="3.5"/>
</testsuite> <!-- Test -->
