<?xml version="1.0" encoding="UTF-8"?>
<!-- Generated by org.testng.reporters.JUnitXMLReporter -->
<testsuite ignored="0" hostname="DESKTOP-FRK1CIR" failures="1" tests="3" name="Test" time="29.647" errors="0" timestamp="2026-01-26T16:42:32 IST">
  <testcase classname="testCases.TC001_AccountRegestrationTest" name="verifyAccountRegestration" time="3.269"/>
  <testcase classname="testCases.TC002_LoginTest" name="Verify_Login" time="11.765">
    <failure type="java.lang.AssertionError" message="expected [true] but found [false]">
      <![CDATA[java.lang.AssertionError: expected [true] but found [false]
at testCases.TC002_LoginTest.Verify_Login(TC002_LoginTest.java:37)
at java.base/java.util.ArrayList.forEach(ArrayList.java:1596)
... Removed 29 stack frames]]>
    </failure>
  </testcase> <!-- Verify_Login -->
  <testcase classname="testCases.TC004_SearchProduct" name="VerifySearchedProduct" time="3.601"/>
</testsuite> <!-- Test -->
