<?xml version="1.0" encoding="UTF-8"?>
<testsuite xmlns:xsi="http://www.w3.org/2001/XMLSchema-instance" xsi:noNamespaceSchemaLocation="https://maven.apache.org/surefire/maven-surefire-plugin/xsd/surefire-test-report.xsd" version="3.0.2" name="TestSuite" time="12.046" tests="2" errors="0" skipped="0" failures="0">
  <properties>
[...]
</properties>
  <testcase name="verifyAccountRegestration" classname="testCases.TC001_AccountRegestrationTest" time="2.612">
    <system-out><![CDATA[15:16:20.152 [main] DEBUG org.testng.TestNG - suiteXmlPath: "D:\ShubhamJadhav\Selenium\Opencart\master.xml"
15:16:23.104 [main] INFO  testCases.TC001_AccountRegestrationTest - ***** Starting TC001_AccountRegestrationTest *****
15:16:23.290 [main] INFO  testCases.TC001_AccountRegestrationTest - Clicked on MyAccount Link 
15:16:23.811 [main] INFO  testCases.TC001_AccountRegestrationTest - Clicked on Regester Link 
15:16:23.814 [main] INFO  testCases.TC001_AccountRegestrationTest - Providing cutomer details....  
15:16:25.635 [main] INFO  testCases.TC001_AccountRegestrationTest - Validating expected message.... 
15:16:25.704 [main] INFO  testCases.TC001_AccountRegestrationTest - ***** finished TC001_AccountRegestrationTest *****
]]></system-out>
    <system-err><![CDATA[2026-01-05T09:46:20.111456800Z main INFO Starting configuration XmlConfiguration[location=D:\ShubhamJadhav\Selenium\Opencart\target\test-classes\log4j2.xml, lastModified=2025-12-26T10:42:04.845Z]...
2026-01-05T09:46:20.113456500Z main INFO Configuration XmlConfiguration[location=D:\ShubhamJadhav\Selenium\Opencart\target\test-classes\log4j2.xml, lastModified=2025-12-26T10:42:04.845Z] started.
2026-01-05T09:46:20.115989300Z main INFO Stopping configuration org.apache.logging.log4j.core.config.DefaultConfiguration@3d121db3...
2026-01-05T09:46:20.115989300Z main INFO Configuration org.apache.logging.log4j.core.config.DefaultConfiguration@3d121db3 stopped.
Jan 05, 2026 3:16:20 PM org.openqa.selenium.remote.tracing.opentelemetry.OpenTelemetryTracer createTracer
INFO: Using OpenTelemetry for tracing
]]></system-err>
  </testcase>
  <testcase name="Verify_Login" classname="testCases.TC002_LoginTest" time="1.879">
    <system-out><![CDATA[15:16:28.092 [main] INFO  testCases.TC002_LoginTest - ***** Starting TC002_LoginTest *****
15:16:29.970 [main] INFO  testCases.TC002_LoginTest - ***** Finished TC002_LoginTest *****
]]></system-out>
  </testcase>
</testsuite>