<?xml version="1.0" encoding="UTF-8"?>
<testng-results ignored="0" total="2" passed="2" failed="0" skipped="0">
  <reporter-output>
  </reporter-output>
  <suite started-at="2026-01-05T15:16:20 IST" name="Master Suite" finished-at="2026-01-05T15:16:30 IST" duration-ms="9690">
    <groups>
      <group name="Master">
        <method signature="TC001_AccountRegestrationTest.verifyAccountRegestration()[pri:0, instance:testCases.TC001_AccountRegestrationTest@352c1b98]" name="verifyAccountRegestration" class="testCases.TC001_AccountRegestrationTest"/>
        <method signature="TC002_LoginTest.Verify_Login()[pri:0, instance:testCases.TC002_LoginTest@48d61b48]" name="Verify_Login" class="testCases.TC002_LoginTest"/>
      </group> <!-- Master -->
      <group name="Sanity">
        <method signature="TC002_LoginTest.Verify_Login()[pri:0, instance:testCases.TC002_LoginTest@48d61b48]" name="Verify_Login" class="testCases.TC002_LoginTest"/>
      </group> <!-- Sanity -->
      <group name="Regression">
        <method signature="TC001_AccountRegestrationTest.verifyAccountRegestration()[pri:0, instance:testCases.TC001_AccountRegestrationTest@352c1b98]" name="verifyAccountRegestration" class="testCases.TC001_AccountRegestrationTest"/>
      </group> <!-- Regression -->
    </groups>
    <test started-at="2026-01-05T15:16:20 IST" name="Test" finished-at="2026-01-05T15:16:30 IST" duration-ms="9690">
      <class name="testCases.TC001_AccountRegestrationTest">
        <test-method is-config="true" signature="setup(java.lang.String,java.lang.String)[pri:0, instance:testCases.TC001_AccountRegestrationTest@352c1b98]" started-at="2026-01-05T15:16:20 IST" name="setup" finished-at="2026-01-05T15:16:23 IST" duration-ms="2540" status="PASS">
          <params>
            <param index="0">
              <value>
                <![CDATA[Linux]]>
              </value>
            </param>
            <param index="1">
              <value>
                <![CDATA[chrome]]>
              </value>
            </param>
          </params>
          <reporter-output>
          </reporter-output>
        </test-method> <!-- setup -->
        <test-method signature="verifyAccountRegestration()[pri:0, instance:testCases.TC001_AccountRegestrationTest@352c1b98]" started-at="2026-01-05T15:16:23 IST" name="verifyAccountRegestration" finished-at="2026-01-05T15:16:25 IST" duration-ms="2606" status="PASS">
          <reporter-output>
          </reporter-output>
        </test-method> <!-- verifyAccountRegestration -->
        <test-method is-config="true" signature="tearDown()[pri:0, instance:testCases.TC001_AccountRegestrationTest@352c1b98]" started-at="2026-01-05T15:16:25 IST" name="tearDown" finished-at="2026-01-05T15:16:25 IST" duration-ms="94" status="PASS">
          <reporter-output>
          </reporter-output>
        </test-method> <!-- tearDown -->
      </class> <!-- testCases.TC001_AccountRegestrationTest -->
      <class name="testCases.TC002_LoginTest">
        <test-method is-config="true" signature="setup(java.lang.String,java.lang.String)[pri:0, instance:testCases.TC002_LoginTest@48d61b48]" started-at="2026-01-05T15:16:25 IST" name="setup" finished-at="2026-01-05T15:16:28 IST" duration-ms="2278" status="PASS">
          <params>
            <param index="0">
              <value>
                <![CDATA[Linux]]>
              </value>
            </param>
            <param index="1">
              <value>
                <![CDATA[chrome]]>
              </value>
            </param>
          </params>
          <reporter-output>
          </reporter-output>
        </test-method> <!-- setup -->
        <test-method signature="Verify_Login()[pri:0, instance:testCases.TC002_LoginTest@48d61b48]" started-at="2026-01-05T15:16:28 IST" name="Verify_Login" finished-at="2026-01-05T15:16:29 IST" duration-ms="1878" status="PASS">
          <reporter-output>
          </reporter-output>
        </test-method> <!-- Verify_Login -->
        <test-method is-config="true" signature="tearDown()[pri:0, instance:testCases.TC002_LoginTest@48d61b48]" started-at="2026-01-05T15:16:29 IST" name="tearDown" finished-at="2026-01-05T15:16:30 IST" duration-ms="83" status="PASS">
          <reporter-output>
          </reporter-output>
        </test-method> <!-- tearDown -->
      </class> <!-- testCases.TC002_LoginTest -->
    </test> <!-- Test -->
  </suite> <!-- Master Suite -->
</testng-results>
