<?xml version="1.0" encoding="UTF-8"?>
<testng-results ignored="0" total="3" passed="2" failed="1" skipped="0">
  <reporter-output>
  </reporter-output>
  <suite started-at="2026-01-26T16:42:01 IST" name="Master Suite" finished-at="2026-01-26T16:42:30 IST" duration-ms="29647">
    <groups>
      <group name="Master">
        <method signature="TC001_AccountRegestrationTest.verifyAccountRegestration()[pri:0, instance:testCases.TC001_AccountRegestrationTest@517d4a0d]" name="verifyAccountRegestration" class="testCases.TC001_AccountRegestrationTest"/>
        <method signature="TC002_LoginTest.Verify_Login()[pri:0, instance:testCases.TC002_LoginTest@38831718]" name="Verify_Login" class="testCases.TC002_LoginTest"/>
        <method signature="TC004_SearchProduct.VerifySearchedProduct()[pri:0, instance:testCases.TC004_SearchProduct@2c1156a7]" name="VerifySearchedProduct" class="testCases.TC004_SearchProduct"/>
      </group> <!-- Master -->
      <group name="Sanity">
        <method signature="TC002_LoginTest.Verify_Login()[pri:0, instance:testCases.TC002_LoginTest@38831718]" name="Verify_Login" class="testCases.TC002_LoginTest"/>
      </group> <!-- Sanity -->
      <group name="Regression">
        <method signature="TC001_AccountRegestrationTest.verifyAccountRegestration()[pri:0, instance:testCases.TC001_AccountRegestrationTest@517d4a0d]" name="verifyAccountRegestration" class="testCases.TC001_AccountRegestrationTest"/>
        <method signature="TC004_SearchProduct.VerifySearchedProduct()[pri:0, instance:testCases.TC004_SearchProduct@2c1156a7]" name="VerifySearchedProduct" class="testCases.TC004_SearchProduct"/>
      </group> <!-- Regression -->
    </groups>
    <test started-at="2026-01-26T16:42:01 IST" name="Test" finished-at="2026-01-26T16:42:30 IST" duration-ms="29647">
      <class name="testCases.TC001_AccountRegestrationTest">
        <test-method is-config="true" signature="setup(java.lang.String,java.lang.String)[pri:0, instance:testCases.TC001_AccountRegestrationTest@517d4a0d]" started-at="2026-01-26T16:42:01 IST" name="setup" finished-at="2026-01-26T16:42:04 IST" duration-ms="3451" status="PASS">
          <params>
            <param index="0">
              <value>
                <![CDATA[Windows]]>
              </value>
            </param>
            <param index="1">
              <value>
                <![CDATA[chrome]]>
              </value>
            </param>
          </params>
          <reporter-output>
          </reporter-output>
        </test-method> <!-- setup -->
        <test-method signature="verifyAccountRegestration()[pri:0, instance:testCases.TC001_AccountRegestrationTest@517d4a0d]" started-at="2026-01-26T16:42:04 IST" name="verifyAccountRegestration" finished-at="2026-01-26T16:42:08 IST" duration-ms="3269" status="PASS">
          <reporter-output>
          </reporter-output>
        </test-method> <!-- verifyAccountRegestration -->
        <test-method is-config="true" signature="tearDown()[pri:0, instance:testCases.TC001_AccountRegestrationTest@517d4a0d]" started-at="2026-01-26T16:42:08 IST" name="tearDown" finished-at="2026-01-26T16:42:08 IST" duration-ms="526" status="PASS">
          <reporter-output>
          </reporter-output>
        </test-method> <!-- tearDown -->
      </class> <!-- testCases.TC001_AccountRegestrationTest -->
      <class name="testCases.TC002_LoginTest">
        <test-method is-config="true" signature="setup(java.lang.String,java.lang.String)[pri:0, instance:testCases.TC002_LoginTest@38831718]" started-at="2026-01-26T16:42:08 IST" name="setup" finished-at="2026-01-26T16:42:11 IST" duration-ms="2707" status="PASS">
          <params>
            <param index="0">
              <value>
                <![CDATA[Windows]]>
              </value>
            </param>
            <param index="1">
              <value>
                <![CDATA[chrome]]>
              </value>
            </param>
          </params>
          <reporter-output>
          </reporter-output>
        </test-method> <!-- setup -->
        <test-method signature="Verify_Login()[pri:0, instance:testCases.TC002_LoginTest@38831718]" started-at="2026-01-26T16:42:11 IST" name="Verify_Login" finished-at="2026-01-26T16:42:23 IST" duration-ms="11765" status="FAIL">
          <exception class="java.lang.AssertionError">
            <message>
              <![CDATA[expected [true] but found [false]]]>
            </message>
            <full-stacktrace>
              <![CDATA[java.lang.AssertionError: expected [true] but found [false]
at org.testng.Assert.fail(Assert.java:111)
at org.testng.Assert.failNotEquals(Assert.java:1590)
at org.testng.Assert.assertTrue(Assert.java:57)
at org.testng.Assert.assertTrue(Assert.java:67)
at testCases.TC002_LoginTest.Verify_Login(TC002_LoginTest.java:37)
at java.base/jdk.internal.reflect.DirectMethodHandleAccessor.invoke(DirectMethodHandleAccessor.java:103)
at java.base/java.lang.reflect.Method.invoke(Method.java:580)
at org.testng.internal.invokers.MethodInvocationHelper.invokeMethod(MethodInvocationHelper.java:141)
at org.testng.internal.invokers.TestInvoker.invokeMethod(TestInvoker.java:687)
at org.testng.internal.invokers.TestInvoker.invokeTestMethod(TestInvoker.java:230)
at org.testng.internal.invokers.MethodRunner.runInSequence(MethodRunner.java:63)
at org.testng.internal.invokers.TestInvoker$MethodInvocationAgent.invoke(TestInvoker.java:995)
at org.testng.internal.invokers.TestInvoker.invokeTestMethods(TestInvoker.java:203)
at org.testng.internal.invokers.TestMethodWorker.invokeTestMethods(TestMethodWorker.java:154)
at org.testng.internal.invokers.TestMethodWorker.run(TestMethodWorker.java:134)
at java.base/java.util.ArrayList.forEach(ArrayList.java:1596)
at org.testng.TestRunner.privateRun(TestRunner.java:741)
at org.testng.TestRunner.run(TestRunner.java:616)
at org.testng.SuiteRunner.runTest(SuiteRunner.java:421)
at org.testng.SuiteRunner.runSequentially(SuiteRunner.java:413)
at org.testng.SuiteRunner.privateRun(SuiteRunner.java:373)
at org.testng.SuiteRunner.run(SuiteRunner.java:312)
at org.testng.SuiteRunnerWorker.runSuite(SuiteRunnerWorker.java:52)
at org.testng.SuiteRunnerWorker.run(SuiteRunnerWorker.java:95)
at org.testng.TestNG.runSuitesSequentially(TestNG.java:1274)
at org.testng.TestNG.runSuitesLocally(TestNG.java:1208)
at org.testng.TestNG.runSuites(TestNG.java:1112)
at org.testng.TestNG.run(TestNG.java:1079)
at org.testng.remote.AbstractRemoteTestNG.run(AbstractRemoteTestNG.java:115)
at org.testng.remote.RemoteTestNG.initAndRun(RemoteTestNG.java:293)
at org.testng.remote.RemoteTestNG.main(RemoteTestNG.java:91)
]]>
            </full-stacktrace>
          </exception> <!-- java.lang.AssertionError -->
          <reporter-output>
          </reporter-output>
        </test-method> <!-- Verify_Login -->
        <test-method is-config="true" signature="tearDown()[pri:0, instance:testCases.TC002_LoginTest@38831718]" started-at="2026-01-26T16:42:23 IST" name="tearDown" finished-at="2026-01-26T16:42:23 IST" duration-ms="660" status="PASS">
          <reporter-output>
          </reporter-output>
        </test-method> <!-- tearDown -->
      </class> <!-- testCases.TC002_LoginTest -->
      <class name="testCases.TC004_SearchProduct">
        <test-method is-config="true" signature="setup(java.lang.String,java.lang.String)[pri:0, instance:testCases.TC004_SearchProduct@2c1156a7]" started-at="2026-01-26T16:42:23 IST" name="setup" finished-at="2026-01-26T16:42:26 IST" duration-ms="2504" status="PASS">
          <params>
            <param index="0">
              <value>
                <![CDATA[Windows]]>
              </value>
            </param>
            <param index="1">
              <value>
                <![CDATA[chrome]]>
              </value>
            </param>
          </params>
          <reporter-output>
          </reporter-output>
        </test-method> <!-- setup -->
        <test-method signature="VerifySearchedProduct()[pri:0, instance:testCases.TC004_SearchProduct@2c1156a7]" started-at="2026-01-26T16:42:26 IST" name="VerifySearchedProduct" finished-at="2026-01-26T16:42:30 IST" duration-ms="3601" status="PASS">
          <reporter-output>
          </reporter-output>
        </test-method> <!-- VerifySearchedProduct -->
        <test-method is-config="true" signature="tearDown()[pri:0, instance:testCases.TC004_SearchProduct@2c1156a7]" started-at="2026-01-26T16:42:30 IST" name="tearDown" finished-at="2026-01-26T16:42:30 IST" duration-ms="565" status="PASS">
          <reporter-output>
          </reporter-output>
        </test-method> <!-- tearDown -->
      </class> <!-- testCases.TC004_SearchProduct -->
    </test> <!-- Test -->
  </suite> <!-- Master Suite -->
</testng-results>
