<?xml version="1.0" encoding="UTF-8"?>
<testng-results ignored="0" total="4" passed="4" failed="0" skipped="0">
  <reporter-output>
  </reporter-output>
  <suite started-at="2026-01-04T01:03:33 IST" name="Suite" finished-at="2026-01-04T01:04:15 IST" duration-ms="41846">
    <groups>
      <group name="Master">
        <method signature="TC001_AccountRegestrationTest.verifyAccountRegestration()[pri:0, instance:testCases.TC001_AccountRegestrationTest@4fad9bb2]" name="verifyAccountRegestration" class="testCases.TC001_AccountRegestrationTest"/>
        <method signature="TC002_LoginTest.Verify_Login()[pri:0, instance:testCases.TC002_LoginTest@149dd36b]" name="Verify_Login" class="testCases.TC002_LoginTest"/>
        <method signature="TC001_AccountRegestrationTest.verifyAccountRegestration()[pri:0, instance:testCases.TC001_AccountRegestrationTest@2da59753]" name="verifyAccountRegestration" class="testCases.TC001_AccountRegestrationTest"/>
        <method signature="TC002_LoginTest.Verify_Login()[pri:0, instance:testCases.TC002_LoginTest@5629510]" name="Verify_Login" class="testCases.TC002_LoginTest"/>
      </group> <!-- Master -->
      <group name="Sanity">
        <method signature="TC002_LoginTest.Verify_Login()[pri:0, instance:testCases.TC002_LoginTest@149dd36b]" name="Verify_Login" class="testCases.TC002_LoginTest"/>
        <method signature="TC002_LoginTest.Verify_Login()[pri:0, instance:testCases.TC002_LoginTest@5629510]" name="Verify_Login" class="testCases.TC002_LoginTest"/>
      </group> <!-- Sanity -->
      <group name="Regression">
        <method signature="TC001_AccountRegestrationTest.verifyAccountRegestration()[pri:0, instance:testCases.TC001_AccountRegestrationTest@4fad9bb2]" name="verifyAccountRegestration" class="testCases.TC001_AccountRegestrationTest"/>
        <method signature="TC001_AccountRegestrationTest.verifyAccountRegestration()[pri:0, instance:testCases.TC001_AccountRegestrationTest@2da59753]" name="verifyAccountRegestration" class="testCases.TC001_AccountRegestrationTest"/>
      </group> <!-- Regression -->
    </groups>
    <test started-at="2026-01-04T01:03:33 IST" name="Linux-Chrome" finished-at="2026-01-04T01:03:47 IST" duration-ms="14182">
      <class name="testCases.TC001_AccountRegestrationTest">
        <test-method is-config="true" signature="setup(java.lang.String,java.lang.String)[pri:0, instance:testCases.TC001_AccountRegestrationTest@4fad9bb2]" started-at="2026-01-04T01:03:33 IST" name="setup" finished-at="2026-01-04T01:03:39 IST" duration-ms="6041" status="PASS">
          <params>
            <param index="0">
              <value>
                <![CDATA[Linux]]>
              </value>
            </param>
            <param index="1">
              <value>
                <![CDATA[chrome]]>
              </value>
            </param>
          </params>
          <reporter-output>
          </reporter-output>
        </test-method> <!-- setup -->
        <test-method signature="verifyAccountRegestration()[pri:0, instance:testCases.TC001_AccountRegestrationTest@4fad9bb2]" started-at="2026-01-04T01:03:39 IST" name="verifyAccountRegestration" finished-at="2026-01-04T01:03:42 IST" duration-ms="3184" status="PASS">
          <reporter-output>
          </reporter-output>
        </test-method> <!-- verifyAccountRegestration -->
        <test-method is-config="true" signature="tearDown()[pri:0, instance:testCases.TC001_AccountRegestrationTest@4fad9bb2]" started-at="2026-01-04T01:03:42 IST" name="tearDown" finished-at="2026-01-04T01:03:43 IST" duration-ms="97" status="PASS">
          <reporter-output>
          </reporter-output>
        </test-method> <!-- tearDown -->
      </class> <!-- testCases.TC001_AccountRegestrationTest -->
      <class name="testCases.TC002_LoginTest">
        <test-method is-config="true" signature="setup(java.lang.String,java.lang.String)[pri:0, instance:testCases.TC002_LoginTest@149dd36b]" started-at="2026-01-04T01:03:43 IST" name="setup" finished-at="2026-01-04T01:03:44 IST" duration-ms="1680" status="PASS">
          <params>
            <param index="0">
              <value>
                <![CDATA[Linux]]>
              </value>
            </param>
            <param index="1">
              <value>
                <![CDATA[chrome]]>
              </value>
            </param>
          </params>
          <reporter-output>
          </reporter-output>
        </test-method> <!-- setup -->
        <test-method signature="Verify_Login()[pri:0, instance:testCases.TC002_LoginTest@149dd36b]" started-at="2026-01-04T01:03:44 IST" name="Verify_Login" finished-at="2026-01-04T01:03:47 IST" duration-ms="2704" status="PASS">
          <reporter-output>
          </reporter-output>
        </test-method> <!-- Verify_Login -->
        <test-method is-config="true" signature="tearDown()[pri:0, instance:testCases.TC002_LoginTest@149dd36b]" started-at="2026-01-04T01:03:47 IST" name="tearDown" finished-at="2026-01-04T01:03:47 IST" duration-ms="100" status="PASS">
          <reporter-output>
          </reporter-output>
        </test-method> <!-- tearDown -->
      </class> <!-- testCases.TC002_LoginTest -->
    </test> <!-- Linux-Chrome -->
    <test started-at="2026-01-04T01:03:49 IST" name="Linux-Firefox" finished-at="2026-01-04T01:04:15 IST" duration-ms="25967">
      <class name="testCases.TC001_AccountRegestrationTest">
        <test-method is-config="true" signature="setup(java.lang.String,java.lang.String)[pri:0, instance:testCases.TC001_AccountRegestrationTest@2da59753]" started-at="2026-01-04T01:03:49 IST" name="setup" finished-at="2026-01-04T01:03:55 IST" duration-ms="6595" status="PASS">
          <params>
            <param index="0">
              <value>
                <![CDATA[Linux]]>
              </value>
            </param>
            <param index="1">
              <value>
                <![CDATA[firefox]]>
              </value>
            </param>
          </params>
          <reporter-output>
          </reporter-output>
        </test-method> <!-- setup -->
        <test-method signature="verifyAccountRegestration()[pri:0, instance:testCases.TC001_AccountRegestrationTest@2da59753]" started-at="2026-01-04T01:03:55 IST" name="verifyAccountRegestration" finished-at="2026-01-04T01:03:59 IST" duration-ms="3185" status="PASS">
          <reporter-output>
          </reporter-output>
        </test-method> <!-- verifyAccountRegestration -->
        <test-method is-config="true" signature="tearDown()[pri:0, instance:testCases.TC001_AccountRegestrationTest@2da59753]" started-at="2026-01-04T01:03:59 IST" name="tearDown" finished-at="2026-01-04T01:04:03 IST" duration-ms="4004" status="PASS">
          <reporter-output>
          </reporter-output>
        </test-method> <!-- tearDown -->
      </class> <!-- testCases.TC001_AccountRegestrationTest -->
      <class name="testCases.TC002_LoginTest">
        <test-method is-config="true" signature="setup(java.lang.String,java.lang.String)[pri:0, instance:testCases.TC002_LoginTest@5629510]" started-at="2026-01-04T01:04:03 IST" name="setup" finished-at="2026-01-04T01:04:08 IST" duration-ms="5006" status="PASS">
          <params>
            <param index="0">
              <value>
                <![CDATA[Linux]]>
              </value>
            </param>
            <param index="1">
              <value>
                <![CDATA[firefox]]>
              </value>
            </param>
          </params>
          <reporter-output>
          </reporter-output>
        </test-method> <!-- setup -->
        <test-method signature="Verify_Login()[pri:0, instance:testCases.TC002_LoginTest@5629510]" started-at="2026-01-04T01:04:08 IST" name="Verify_Login" finished-at="2026-01-04T01:04:09 IST" duration-ms="1658" status="PASS">
          <reporter-output>
          </reporter-output>
        </test-method> <!-- Verify_Login -->
        <test-method is-config="true" signature="tearDown()[pri:0, instance:testCases.TC002_LoginTest@5629510]" started-at="2026-01-04T01:04:09 IST" name="tearDown" finished-at="2026-01-04T01:04:15 IST" duration-ms="5500" status="PASS">
          <reporter-output>
          </reporter-output>
        </test-method> <!-- tearDown -->
      </class> <!-- testCases.TC002_LoginTest -->
    </test> <!-- Linux-Firefox -->
  </suite> <!-- Suite -->
</testng-results>
