<?xml version="1.0" encoding="UTF-8"?>
<testng-results ignored="0" total="2" passed="2" failed="0" skipped="0">
  <reporter-output>
  </reporter-output>
  <suite started-at="2026-01-05T22:47:33 IST" name="Master Suite" finished-at="2026-01-05T22:47:45 IST" duration-ms="11931">
    <groups>
      <group name="Master">
        <method signature="TC001_AccountRegestrationTest.verifyAccountRegestration()[pri:0, instance:testCases.TC001_AccountRegestrationTest@4fad9bb2]" name="verifyAccountRegestration" class="testCases.TC001_AccountRegestrationTest"/>
        <method signature="TC002_LoginTest.Verify_Login()[pri:0, instance:testCases.TC002_LoginTest@149dd36b]" name="Verify_Login" class="testCases.TC002_LoginTest"/>
      </group> <!-- Master -->
      <group name="Sanity">
        <method signature="TC002_LoginTest.Verify_Login()[pri:0, instance:testCases.TC002_LoginTest@149dd36b]" name="Verify_Login" class="testCases.TC002_LoginTest"/>
      </group> <!-- Sanity -->
      <group name="Regression">
        <method signature="TC001_AccountRegestrationTest.verifyAccountRegestration()[pri:0, instance:testCases.TC001_AccountRegestrationTest@4fad9bb2]" name="verifyAccountRegestration" class="testCases.TC001_AccountRegestrationTest"/>
      </group> <!-- Regression -->
    </groups>
    <test started-at="2026-01-05T22:47:33 IST" name="Test" finished-at="2026-01-05T22:47:45 IST" duration-ms="11931">
      <class name="testCases.TC001_AccountRegestrationTest">
        <test-method is-config="true" signature="setup(java.lang.String,java.lang.String)[pri:0, instance:testCases.TC001_AccountRegestrationTest@4fad9bb2]" started-at="2026-01-05T22:47:33 IST" name="setup" finished-at="2026-01-05T22:47:39 IST" duration-ms="5668" status="PASS">
          <params>
            <param index="0">
              <value>
                <![CDATA[Windows]]>
              </value>
            </param>
            <param index="1">
              <value>
                <![CDATA[chrome]]>
              </value>
            </param>
          </params>
          <reporter-output>
          </reporter-output>
        </test-method> <!-- setup -->
        <test-method signature="verifyAccountRegestration()[pri:0, instance:testCases.TC001_AccountRegestrationTest@4fad9bb2]" started-at="2026-01-05T22:47:39 IST" name="verifyAccountRegestration" finished-at="2026-01-05T22:47:41 IST" duration-ms="1918" status="PASS">
          <reporter-output>
          </reporter-output>
        </test-method> <!-- verifyAccountRegestration -->
        <test-method is-config="true" signature="tearDown()[pri:0, instance:testCases.TC001_AccountRegestrationTest@4fad9bb2]" started-at="2026-01-05T22:47:41 IST" name="tearDown" finished-at="2026-01-05T22:47:41 IST" duration-ms="351" status="PASS">
          <reporter-output>
          </reporter-output>
        </test-method> <!-- tearDown -->
      </class> <!-- testCases.TC001_AccountRegestrationTest -->
      <class name="testCases.TC002_LoginTest">
        <test-method is-config="true" signature="setup(java.lang.String,java.lang.String)[pri:0, instance:testCases.TC002_LoginTest@149dd36b]" started-at="2026-01-05T22:47:41 IST" name="setup" finished-at="2026-01-05T22:47:43 IST" duration-ms="2073" status="PASS">
          <params>
            <param index="0">
              <value>
                <![CDATA[Windows]]>
              </value>
            </param>
            <param index="1">
              <value>
                <![CDATA[chrome]]>
              </value>
            </param>
          </params>
          <reporter-output>
          </reporter-output>
        </test-method> <!-- setup -->
        <test-method signature="Verify_Login()[pri:0, instance:testCases.TC002_LoginTest@149dd36b]" started-at="2026-01-05T22:47:43 IST" name="Verify_Login" finished-at="2026-01-05T22:47:44 IST" duration-ms="1328" status="PASS">
          <reporter-output>
          </reporter-output>
        </test-method> <!-- Verify_Login -->
        <test-method is-config="true" signature="tearDown()[pri:0, instance:testCases.TC002_LoginTest@149dd36b]" started-at="2026-01-05T22:47:44 IST" name="tearDown" finished-at="2026-01-05T22:47:45 IST" duration-ms="316" status="PASS">
          <reporter-output>
          </reporter-output>
        </test-method> <!-- tearDown -->
      </class> <!-- testCases.TC002_LoginTest -->
    </test> <!-- Test -->
  </suite> <!-- Master Suite -->
</testng-results>
