<?xml version="1.0" encoding="UTF-8"?>
<!-- Generated by org.testng.reporters.JUnitReportReporter -->
<testsuite hostname="DESKTOP-FRK1CIR" failures="0" tests="2" name="testCases.TC001_AccountRegestrationTest" time="6.369" errors="0" timestamp="2026-01-04T01:04:17 IST" skipped="0">
  <testcase classname="testCases.TC001_AccountRegestrationTest" name="verifyAccountRegestration" time="3.184"/>
  <testcase classname="testCases.TC001_AccountRegestrationTest" name="verifyAccountRegestration" time="3.185"/>
</testsuite> <!-- testCases.TC001_AccountRegestrationTest -->
